[2021-01-06 23:02:40 INFO]: install::setup-logging ended
================
[2021-01-06 23:02:40 INFO]: install::start-up started
[2021-01-06 23:02:40 INFO]: install::decompress started
[2021-01-06 23:02:40 INFO]: install::decompress changing directory to maria
[2021-01-06 23:02:40 INFO]: install::decompress decompress maria/data_dump.tar.gz 
[2021-01-06 23:02:40 INFO]: install::decompress removing data_dump.tar.gz 
[2021-01-06 23:02:40 INFO]: install::decompress changing directory back
[2021-01-06 23:02:40 INFO]: install::decompress ended
================
[2021-01-06 23:02:40 INFO]: install::decompress building services
[2021-01-06 23:02:40 INFO]: install::decompress ended
================
[2021-01-06 23:17:24 INFO]: install::root-check started
[2021-01-06 23:17:24 INFO]: install::root-check ended
================
[2021-01-06 23:17:24 INFO]: install::docker-check started
[2021-01-06 23:17:24 INFO]: install::docker-check ended
================
[2021-01-06 23:17:24 INFO]: install::docker-compose-check started
[2021-01-06 23:17:24 INFO]: install::docker-compose-check ended
================
[2021-01-06 23:17:24 INFO]: install::tear-down started
[2021-01-06 23:17:24 INFO]: install::compress started
[2021-01-06 23:17:24 INFO]: install::compress changing directory to maria
[2021-01-06 23:17:24 INFO]: install::compress compressing maria/data_dump 
[2021-01-06 23:17:24 INFO]: install::compress removing data_dump 
[2021-01-06 23:17:24 INFO]: install::compress changing directory back
[2021-01-06 23:17:24 INFO]: install::compress ended
================
[2021-01-06 23:17:24 INFO]: install::compress services removed
[2021-01-06 23:17:24 INFO]: install::compress ended
================
